<?xml version="1.0" encoding="UTF-8"?>
<robot generator="Robot 4.1.2 (Python 3.8.8 on win32)" generated="20211213 18:16:31.956" rpa="false" schemaversion="2">
<suite id="s1" name="Valid Login" source="C:\Users\Terra\Downloads\stsweng exercise\SauceDemoRobot\tests\valid_login.robot">
<test id="s1-t1" name="Valid Login">
<kw name="Open Browser" library="SeleniumLibrary">
<arg>https://www.saucedemo.com/</arg>
<arg>chrome</arg>
<doc>Opens a new browser instance to the optional ``url``.</doc>
<msg timestamp="20211213 18:16:32.126" level="INFO">Opening browser 'chrome' to base url 'https://www.saucedemo.com/'.</msg>
<kw name="Capture Page Screenshot" library="SeleniumLibrary">
<doc>Takes a screenshot of the current page and embeds it into a log file.</doc>
<msg timestamp="20211213 18:16:32.129" level="INFO">Cannot capture screenshot because no browser is open.</msg>
<status status="PASS" starttime="20211213 18:16:32.129" endtime="20211213 18:16:32.129"/>
</kw>
<msg timestamp="20211213 18:16:32.132" level="FAIL">WebDriverException: Message: 'chromedriver' executable needs to be in PATH. Please see https://sites.google.com/a/chromium.org/chromedriver/home
</msg>
<status status="FAIL" starttime="20211213 18:16:32.126" endtime="20211213 18:16:32.132"/>
</kw>
<kw name="Maximize Browser Window" library="SeleniumLibrary">
<doc>Maximizes current browser window.</doc>
<status status="NOT RUN" starttime="20211213 18:16:32.133" endtime="20211213 18:16:32.133"/>
</kw>
<kw name="Page Should Contain Element login-button">
<status status="NOT RUN" starttime="20211213 18:16:32.136" endtime="20211213 18:16:32.136"/>
</kw>
<kw name="Input Text" library="SeleniumLibrary">
<arg>user-name</arg>
<arg>standard_user</arg>
<doc>Types the given ``text`` into the text field identified by ``locator``.</doc>
<status status="NOT RUN" starttime="20211213 18:16:32.136" endtime="20211213 18:16:32.136"/>
</kw>
<kw name="Input Password" library="SeleniumLibrary">
<arg>password secret_sauce</arg>
<doc>Types the given password into the text field identified by ``locator``.</doc>
<status status="NOT RUN" starttime="20211213 18:16:32.136" endtime="20211213 18:16:32.136"/>
</kw>
<kw name="Click Button login-button">
<status status="NOT RUN" starttime="20211213 18:16:32.139" endtime="20211213 18:16:32.139"/>
</kw>
<kw name="Element Text Should Be" library="SeleniumLibrary">
<arg>class:title Products</arg>
<doc>Verifies that element ``locator`` contains exact the text ``expected``.</doc>
<status status="NOT RUN" starttime="20211213 18:16:32.139" endtime="20211213 18:16:32.139"/>
</kw>
<kw name="Close Browser" library="SeleniumLibrary" type="TEARDOWN">
<doc>Closes the current browser.</doc>
<status status="PASS" starttime="20211213 18:16:32.140" endtime="20211213 18:16:32.140"/>
</kw>
<status status="FAIL" starttime="20211213 18:16:32.125" endtime="20211213 18:16:32.140">WebDriverException: Message: 'chromedriver' executable needs to be in PATH. Please see https://sites.google.com/a/chromium.org/chromedriver/home
</status>
</test>
<doc>A test suite with a single test for valid login


</doc>
<status status="FAIL" starttime="20211213 18:16:31.958" endtime="20211213 18:16:32.141"/>
</suite>
<statistics>
<total>
<stat pass="0" fail="1" skip="0">All Tests</stat>
</total>
<tag>
</tag>
<suite>
<stat pass="0" fail="1" skip="0" id="s1" name="Valid Login">Valid Login</stat>
</suite>
</statistics>
<errors>
</errors>
</robot>
